Using pre-set license
Built from '2020.2/release' branch; Version is '2020.2.1f1 (270dd8c3da1c) revision 2559448'; Using compiler version '192528614'; Build Type 'Release'
OS: 'Windows 10  (10.0.0) 64bit' Language: 'es' Physical Memory: 16273 MB
BatchMode: 1, IsHumanControllingUs: 0, StartBugReporterOnCrash: 0, Is64bit: 1, IsPro: 0

 COMMAND LINE ARGUMENTS:
D:\Unity\2020.2.1f1\Editor\Unity.exe
-adb2
-batchMode
-noUpm
-name
AssetImportWorker0
-projectPath
D:/Documentos/Unity/TowerDefense/TowerDefense/TowerDefense
-logFile
Logs/AssetImportWorker0.log
-srvPort
61515
Successfully changed project path to: D:/Documentos/Unity/TowerDefense/TowerDefense/TowerDefense
D:/Documentos/Unity/TowerDefense/TowerDefense/TowerDefense
Using Asset Import Pipeline V2.
Refreshing native plugins compatible for Editor in 38.36 ms, found 0 plugins.
Preloading 0 native plugins for Editor in 0.00 ms.
Initialize engine version: 2020.2.1f1 (270dd8c3da1c)
[Subsystems] Discovering subsystems at path D:/Unity/2020.2.1f1/Editor/Data/Resources/UnitySubsystems
[Subsystems] Discovering subsystems at path D:/Documentos/Unity/TowerDefense/TowerDefense/TowerDefense/Assets
GfxDevice: creating device client; threaded=0
Direct3D:
    Version:  Direct3D 11.0 [level 11.0]
    Renderer: NVIDIA GeForce GTX 960M (ID=0x139b)
    Vendor:   
    VRAM:     4053 MB
    Driver:   27.21.14.6589
Initialize mono
Mono path[0] = 'D:/Unity/2020.2.1f1/Editor/Data/Managed'
Mono path[1] = 'D:/Unity/2020.2.1f1/Editor/Data/MonoBleedingEdge/lib/mono/unityjit'
Mono config path = 'D:/Unity/2020.2.1f1/Editor/Data/MonoBleedingEdge/etc'
Using monoOptions --debugger-agent=transport=dt_socket,embedding=1,server=y,suspend=n,address=127.0.0.1:56088
Begin MonoManager ReloadAssembly
Registering precompiled unity dll's ...
Register platform support module: D:/Unity/2020.2.1f1/Editor/Data/PlaybackEngines/WindowsStandaloneSupport/UnityEditor.WindowsStandalone.Extensions.dll
Registered in 0.013925 seconds.
Native extension for WindowsStandalone target not found
Refreshing native plugins compatible for Editor in 31.12 ms, found 0 plugins.
Preloading 0 native plugins for Editor in 0.00 ms.
Invoked RoslynAnalysisRunner static constructor.
RoslynAnalysisRunner will not be running.
RoslynAnalysisRunner has terminated.
Mono: successfully reloaded assembly
- Completed reload, in  4.409 seconds
Platform modules already initialized, skipping
Registering precompiled user dll's ...
Registered in 0.001837 seconds.
Begin MonoManager ReloadAssembly
Native extension for WindowsStandalone target not found
Refreshing native plugins compatible for Editor in 0.26 ms, found 0 plugins.
Preloading 0 native plugins for Editor in 0.00 ms.
Invoked RoslynAnalysisRunner static constructor.
RoslynAnalysisRunner will not be running.
RoslynAnalysisRunner has terminated.
Mono: successfully reloaded assembly
- Completed reload, in  1.263 seconds
Platform modules already initialized, skipping
========================================================================
Worker process is ready to serve import requests
Launched and connected shader compiler UnityShaderCompiler.exe after 0.10 seconds
Refreshing native plugins compatible for Editor in 0.20 ms, found 0 plugins.
Preloading 0 native plugins for Editor in 0.00 ms.
Unloading 1119 Unused Serialized files (Serialized files now loaded: 0)
System memory in use before: 57.4 MB.
System memory in use after: 57.4 MB.

Unloading 10 unused Assets to reduce memory usage. Loaded Objects now: 1562.
Total: 1.985600 ms (FindLiveObjects: 0.187300 ms CreateObjectMapping: 0.034500 ms MarkObjects: 1.651100 ms  DeleteObjects: 0.111600 ms)

========================================================================
Received Import Request.
  path: Assets/Scripts/UI
  artifactKey: Guid(8a9b332048be3974f892a533349a0eb3) Importer(815301076,1909f56bfc062723c751e8b465ee728b)
Start importing Assets/Scripts/UI using Guid(8a9b332048be3974f892a533349a0eb3) Importer(815301076,1909f56bfc062723c751e8b465ee728b)  -> (artifact id: 'c5ad5f8db32ce6967638fe79010ad55e') in 0.008884 seconds
  Import took 0.049960 seconds .

========================================================================
Received Import Request.
  Time since last request: 3.292420 seconds.
  path: Assets/Scripts/UI/TextUI.cs
  artifactKey: Guid(9d1e48f1e2731b34bac479f3463ccc89) Importer(815301076,1909f56bfc062723c751e8b465ee728b)
Start importing Assets/Scripts/UI/TextUI.cs using Guid(9d1e48f1e2731b34bac479f3463ccc89) Importer(815301076,1909f56bfc062723c751e8b465ee728b)  -> (artifact id: '7b770c09733bc2d7d36ab588b8b88cba') in 0.059941 seconds
  Import took 0.117028 seconds .

========================================================================
Received Prepare
Registering precompiled user dll's ...
Registered in 0.001952 seconds.
Begin MonoManager ReloadAssembly
Native extension for WindowsStandalone target not found
Refreshing native plugins compatible for Editor in 0.30 ms, found 0 plugins.
Preloading 0 native plugins for Editor in 0.00 ms.
Invoked RoslynAnalysisRunner static constructor.
RoslynAnalysisRunner will not be running.
RoslynAnalysisRunner has terminated.
Mono: successfully reloaded assembly
- Completed reload, in  1.577 seconds
Platform modules already initialized, skipping
Refreshing native plugins compatible for Editor in 0.24 ms, found 0 plugins.
Preloading 0 native plugins for Editor in 0.00 ms.
Unloading 1115 Unused Serialized files (Serialized files now loaded: 0)
System memory in use before: 57.6 MB.
System memory in use after: 57.7 MB.

Unloading 5 unused Assets to reduce memory usage. Loaded Objects now: 1565.
Total: 2.164500 ms (FindLiveObjects: 0.242300 ms CreateObjectMapping: 0.053900 ms MarkObjects: 1.789100 ms  DeleteObjects: 0.077600 ms)

========================================================================
Received Prepare
Registering precompiled user dll's ...
Registered in 0.001653 seconds.
Begin MonoManager ReloadAssembly
Native extension for WindowsStandalone target not found
Refreshing native plugins compatible for Editor in 0.54 ms, found 0 plugins.
Preloading 0 native plugins for Editor in 0.00 ms.
Invoked RoslynAnalysisRunner static constructor.
RoslynAnalysisRunner will not be running.
RoslynAnalysisRunner has terminated.
Mono: successfully reloaded assembly
- Completed reload, in  1.233 seconds
Platform modules already initialized, skipping
Refreshing native plugins compatible for Editor in 0.33 ms, found 0 plugins.
Preloading 0 native plugins for Editor in 0.00 ms.
Unloading 1115 Unused Serialized files (Serialized files now loaded: 0)
System memory in use before: 57.9 MB.
System memory in use after: 57.9 MB.

Unloading 5 unused Assets to reduce memory usage. Loaded Objects now: 1567.
Total: 2.996000 ms (FindLiveObjects: 0.158400 ms CreateObjectMapping: 0.071100 ms MarkObjects: 2.689800 ms  DeleteObjects: 0.074400 ms)

========================================================================
Received Prepare
Registering precompiled user dll's ...
Registered in 0.002154 seconds.
Begin MonoManager ReloadAssembly
Native extension for WindowsStandalone target not found
Refreshing native plugins compatible for Editor in 0.28 ms, found 0 plugins.
Preloading 0 native plugins for Editor in 0.00 ms.
Invoked RoslynAnalysisRunner static constructor.
RoslynAnalysisRunner will not be running.
RoslynAnalysisRunner has terminated.
Mono: successfully reloaded assembly
- Completed reload, in  1.130 seconds
Platform modules already initialized, skipping
Refreshing native plugins compatible for Editor in 0.20 ms, found 0 plugins.
Preloading 0 native plugins for Editor in 0.00 ms.
Unloading 1115 Unused Serialized files (Serialized files now loaded: 0)
System memory in use before: 58.1 MB.
System memory in use after: 58.2 MB.

Unloading 5 unused Assets to reduce memory usage. Loaded Objects now: 1569.
Total: 1.960600 ms (FindLiveObjects: 0.255500 ms CreateObjectMapping: 0.039200 ms MarkObjects: 1.547600 ms  DeleteObjects: 0.117000 ms)

========================================================================
Received Import Request.
  Time since last request: 543.293204 seconds.
  path: Assets/Fuentes
  artifactKey: Guid(98306f8908b9dd34ca69c9f5e2fc4857) Importer(815301076,1909f56bfc062723c751e8b465ee728b)
Start importing Assets/Fuentes using Guid(98306f8908b9dd34ca69c9f5e2fc4857) Importer(815301076,1909f56bfc062723c751e8b465ee728b)  -> (artifact id: '34d59152fc99ca38a6df8c351f0db0b1') in 0.010285 seconds
  Import took 0.016968 seconds .

========================================================================
Received Import Request.
  Time since last request: 21.499185 seconds.
  path: Assets/Fuentes/open-sans
  artifactKey: Guid(094dceaeaca237c4ba4bb4f33bea3dfb) Importer(815301076,1909f56bfc062723c751e8b465ee728b)
Start importing Assets/Fuentes/open-sans using Guid(094dceaeaca237c4ba4bb4f33bea3dfb) Importer(815301076,1909f56bfc062723c751e8b465ee728b)  -> (artifact id: 'd044cf2e4b6d75de644e5a09e60b5e40') in 0.007515 seconds
  Import took 0.017362 seconds .

========================================================================
Received Import Request.
  Time since last request: 0.008495 seconds.
  path: Assets/Fuentes/open-sans
  artifactKey: Guid(094dceaeaca237c4ba4bb4f33bea3dfb) Importer(815301076,1909f56bfc062723c751e8b465ee728b)
Start importing Assets/Fuentes/open-sans using Guid(094dceaeaca237c4ba4bb4f33bea3dfb) Importer(815301076,1909f56bfc062723c751e8b465ee728b)  -> (artifact id: 'd044cf2e4b6d75de644e5a09e60b5e40') in 0.006832 seconds
  Import took 0.010456 seconds .

========================================================================
Received Import Request.
  Time since last request: 0.078706 seconds.
  path: Assets/Fuentes/open-sans/OpenSans-Bold.ttf
  artifactKey: Guid(4c71c29c4825b7941a6eb8c1054705d8) Importer(815301076,1909f56bfc062723c751e8b465ee728b)
Start importing Assets/Fuentes/open-sans/OpenSans-Bold.ttf using Guid(4c71c29c4825b7941a6eb8c1054705d8) Importer(815301076,1909f56bfc062723c751e8b465ee728b)  -> (artifact id: '50103f1689ac7113550ffd42d5c16878') in 0.163746 seconds
  Import took 0.184889 seconds .

========================================================================
Received Import Request.
  Time since last request: 0.000535 seconds.
  path: Assets/Fuentes/open-sans/OpenSans-LightItalic.ttf
  artifactKey: Guid(39fa40111c5960d44b5f7db81e472345) Importer(815301076,1909f56bfc062723c751e8b465ee728b)
Start importing Assets/Fuentes/open-sans/OpenSans-LightItalic.ttf using Guid(39fa40111c5960d44b5f7db81e472345) Importer(815301076,1909f56bfc062723c751e8b465ee728b)  -> (artifact id: '9e31561e3fe3e595c4e98515f62bac0a') in 0.030793 seconds
  Import took 0.035075 seconds .

========================================================================
Received Import Request.
  Time since last request: 0.000407 seconds.
  path: Assets/Fuentes/open-sans/OpenSans-ExtraBold.ttf
  artifactKey: Guid(76faf7b9d153d384e8ae19b9fe185ed5) Importer(815301076,1909f56bfc062723c751e8b465ee728b)
Start importing Assets/Fuentes/open-sans/OpenSans-ExtraBold.ttf using Guid(76faf7b9d153d384e8ae19b9fe185ed5) Importer(815301076,1909f56bfc062723c751e8b465ee728b)  -> (artifact id: 'f7b6dbe5fa8686b65bda2a68a17bac4f') in 0.020632 seconds
  Import took 0.028339 seconds .

========================================================================
Received Import Request.
  Time since last request: 0.000505 seconds.
  path: Assets/Fuentes/open-sans/OpenSans-ExtraBoldItalic.ttf
  artifactKey: Guid(2d91bd7a10766dd4e95d38d22d06a94e) Importer(815301076,1909f56bfc062723c751e8b465ee728b)
Start importing Assets/Fuentes/open-sans/OpenSans-ExtraBoldItalic.ttf using Guid(2d91bd7a10766dd4e95d38d22d06a94e) Importer(815301076,1909f56bfc062723c751e8b465ee728b)  -> (artifact id: '8e2f217392c3bf00a78718f81aaf78ce') in 0.020807 seconds
  Import took 0.023697 seconds .

========================================================================
Received Import Request.
  Time since last request: 0.000446 seconds.
  path: Assets/Fuentes/open-sans/OpenSans-Regular.ttf
  artifactKey: Guid(7928df546568f2f40806fbb47cbdaed3) Importer(815301076,1909f56bfc062723c751e8b465ee728b)
Start importing Assets/Fuentes/open-sans/OpenSans-Regular.ttf using Guid(7928df546568f2f40806fbb47cbdaed3) Importer(815301076,1909f56bfc062723c751e8b465ee728b)  -> (artifact id: '9c28dbef323236d1c5869f1855d593de') in 0.025979 seconds
  Import took 0.029187 seconds .

========================================================================
Received Import Request.
  Time since last request: 0.000801 seconds.
  path: Assets/Fuentes/open-sans/OpenSans-Light.ttf
  artifactKey: Guid(5dddc4c509e4243419fdfeb46246ee68) Importer(815301076,1909f56bfc062723c751e8b465ee728b)
Start importing Assets/Fuentes/open-sans/OpenSans-Light.ttf using Guid(5dddc4c509e4243419fdfeb46246ee68) Importer(815301076,1909f56bfc062723c751e8b465ee728b)  -> (artifact id: '47aaea7eb3f768214e9f1b541f2288d2') in 0.028103 seconds
  Import took 0.031326 seconds .

========================================================================
Received Import Request.
  Time since last request: 0.000398 seconds.
  path: Assets/Fuentes/open-sans/OpenSans-SemiboldItalic.ttf
  artifactKey: Guid(6a875a466acc89f4980c956e1b52e072) Importer(815301076,1909f56bfc062723c751e8b465ee728b)
Start importing Assets/Fuentes/open-sans/OpenSans-SemiboldItalic.ttf using Guid(6a875a466acc89f4980c956e1b52e072) Importer(815301076,1909f56bfc062723c751e8b465ee728b)  -> (artifact id: 'b8db1fcf58913900864e59ab6ad230c4') in 0.020605 seconds
  Import took 0.023025 seconds .

========================================================================
Received Import Request.
  Time since last request: 0.000345 seconds.
  path: Assets/Fuentes/open-sans/OpenSans-BoldItalic.ttf
  artifactKey: Guid(d9fa5ea152758954db2f8411daf49ce5) Importer(815301076,1909f56bfc062723c751e8b465ee728b)
Start importing Assets/Fuentes/open-sans/OpenSans-BoldItalic.ttf using Guid(d9fa5ea152758954db2f8411daf49ce5) Importer(815301076,1909f56bfc062723c751e8b465ee728b)  -> (artifact id: 'a57770236ba2687821714f251902de3c') in 0.024027 seconds
  Import took 0.028636 seconds .

========================================================================
Received Import Request.
  Time since last request: 0.000413 seconds.
  path: Assets/Fuentes/open-sans/OpenSans-Semibold.ttf
  artifactKey: Guid(4be655b13a247ca4c9a1cad325d907c0) Importer(815301076,1909f56bfc062723c751e8b465ee728b)
Start importing Assets/Fuentes/open-sans/OpenSans-Semibold.ttf using Guid(4be655b13a247ca4c9a1cad325d907c0) Importer(815301076,1909f56bfc062723c751e8b465ee728b)  -> (artifact id: '66feae5164bdd13a1ba0334d1302b15c') in 0.020548 seconds
  Import took 0.024206 seconds .

========================================================================
Received Import Request.
  Time since last request: 0.000697 seconds.
  path: Assets/Fuentes/open-sans/OpenSans-Italic.ttf
  artifactKey: Guid(6af40ebcdd748e04a8563134dff34704) Importer(815301076,1909f56bfc062723c751e8b465ee728b)
Start importing Assets/Fuentes/open-sans/OpenSans-Italic.ttf using Guid(6af40ebcdd748e04a8563134dff34704) Importer(815301076,1909f56bfc062723c751e8b465ee728b)  -> (artifact id: '72a168f17626d8d28ca4e5ea028dcf23') in 0.016286 seconds
  Import took 0.019557 seconds .

========================================================================
Received Prepare
Registering precompiled user dll's ...
Registered in 0.001909 seconds.
Begin MonoManager ReloadAssembly
Native extension for WindowsStandalone target not found
Refreshing native plugins compatible for Editor in 0.29 ms, found 0 plugins.
Preloading 0 native plugins for Editor in 0.00 ms.
Invoked RoslynAnalysisRunner static constructor.
RoslynAnalysisRunner will not be running.
RoslynAnalysisRunner has terminated.
Mono: successfully reloaded assembly
- Completed reload, in  1.206 seconds
Platform modules already initialized, skipping
Refreshing native plugins compatible for Editor in 0.27 ms, found 0 plugins.
Preloading 0 native plugins for Editor in 0.00 ms.
Unloading 1115 Unused Serialized files (Serialized files now loaded: 0)
System memory in use before: 61.9 MB.
System memory in use after: 62.0 MB.

Unloading 5 unused Assets to reduce memory usage. Loaded Objects now: 1615.
Total: 2.121100 ms (FindLiveObjects: 0.153000 ms CreateObjectMapping: 0.036800 ms MarkObjects: 1.855800 ms  DeleteObjects: 0.074700 ms)

========================================================================
Received Prepare
Registering precompiled user dll's ...
Registered in 0.001812 seconds.
Begin MonoManager ReloadAssembly
Native extension for WindowsStandalone target not found
Refreshing native plugins compatible for Editor in 0.22 ms, found 0 plugins.
Preloading 0 native plugins for Editor in 0.00 ms.
Invoked RoslynAnalysisRunner static constructor.
RoslynAnalysisRunner will not be running.
RoslynAnalysisRunner has terminated.
Mono: successfully reloaded assembly
- Completed reload, in  1.188 seconds
Platform modules already initialized, skipping
Refreshing native plugins compatible for Editor in 0.21 ms, found 0 plugins.
Preloading 0 native plugins for Editor in 0.00 ms.
Unloading 1115 Unused Serialized files (Serialized files now loaded: 0)
System memory in use before: 62.1 MB.
System memory in use after: 62.2 MB.

Unloading 5 unused Assets to reduce memory usage. Loaded Objects now: 1617.
Total: 2.088900 ms (FindLiveObjects: 0.186800 ms CreateObjectMapping: 0.036100 ms MarkObjects: 1.749600 ms  DeleteObjects: 0.115000 ms)

========================================================================
Received Prepare
Registering precompiled user dll's ...
Registered in 0.002966 seconds.
Begin MonoManager ReloadAssembly
Native extension for WindowsStandalone target not found
Refreshing native plugins compatible for Editor in 0.21 ms, found 0 plugins.
Preloading 0 native plugins for Editor in 0.00 ms.
Invoked RoslynAnalysisRunner static constructor.
RoslynAnalysisRunner will not be running.
RoslynAnalysisRunner has terminated.
Mono: successfully reloaded assembly
- Completed reload, in  1.225 seconds
Platform modules already initialized, skipping
Refreshing native plugins compatible for Editor in 0.21 ms, found 0 plugins.
Preloading 0 native plugins for Editor in 0.00 ms.
Unloading 1114 Unused Serialized files (Serialized files now loaded: 0)
System memory in use before: 62.4 MB.
System memory in use after: 62.5 MB.

Unloading 6 unused Assets to reduce memory usage. Loaded Objects now: 1618.
Total: 1.953400 ms (FindLiveObjects: 0.208100 ms CreateObjectMapping: 0.043400 ms MarkObjects: 1.616800 ms  DeleteObjects: 0.083400 ms)

========================================================================
Received Prepare
Registering precompiled user dll's ...
Registered in 0.002139 seconds.
Begin MonoManager ReloadAssembly
Native extension for WindowsStandalone target not found
Refreshing native plugins compatible for Editor in 0.21 ms, found 0 plugins.
Preloading 0 native plugins for Editor in 0.00 ms.
Invoked RoslynAnalysisRunner static constructor.
RoslynAnalysisRunner will not be running.
RoslynAnalysisRunner has terminated.
Mono: successfully reloaded assembly
- Completed reload, in  1.227 seconds
Platform modules already initialized, skipping
Refreshing native plugins compatible for Editor in 0.22 ms, found 0 plugins.
Preloading 0 native plugins for Editor in 0.00 ms.
Unloading 1114 Unused Serialized files (Serialized files now loaded: 0)
System memory in use before: 62.6 MB.
System memory in use after: 62.7 MB.

Unloading 5 unused Assets to reduce memory usage. Loaded Objects now: 1620.
Total: 2.225200 ms (FindLiveObjects: 0.235500 ms CreateObjectMapping: 0.058800 ms MarkObjects: 1.877800 ms  DeleteObjects: 0.051700 ms)

AssetImportWorkerClient::OnTransportError - code=2 error=End of file
